{"numTotalTestSuites":34,"numPassedTestSuites":29,"numFailedTestSuites":5,"numPendingTestSuites":0,"numTotalTests":323,"numPassedTests":317,"numFailedTests":6,"numPendingTests":0,"numTodoTests":0,"snapshot":{"added":0,"failure":false,"filesAdded":0,"filesRemoved":0,"filesRemovedList":[],"filesUnmatched":0,"filesUpdated":0,"matched":0,"total":0,"unchecked":0,"uncheckedKeysByFile":[],"unmatched":0,"updated":0,"didUpdate":false},"startTime":1786022540687,"success":false,"testResults":[{"assertionResults":[{"ancestorTitles":["PPM Universal Race v1 input contract"],"fullName":"PPM Universal Race v1 input contract accepts a valid one-day road race","status":"passed","title":"accepts a valid one-day road race","duration":33.318899999999985,"failureMessages":[],"meta":{},"tags":[]},{"ancestorTitles":["PPM Universal Race v1 input contract"],"fullName":"PPM Universal Race v1 input contract accepts a valid road stage inside a stage race","status":"passed","title":"accepts a valid road stage inside a stage race","duration":4.815599999999904,"failureMessages":[],"meta":{},"tags":[]},{"ancestorTitles":["PPM Universal Race v1 input contract"],"fullName":"PPM Universal Race v1 input contract accepts an individual time trial","status":"passed","title":"accepts an individual time trial","duration":2.259999999999991,"failureMessages":[],"meta":{},"tags":[]},{"ancestorTitles":["PPM Universal Race v1 input contract"],"fullName":"PPM Universal Race v1 input contract accepts a team time trial","status":"failed","title":"accepts a team time trial","duration":27.318700000000035,"failureMessages":["Error: Team time-trial resolution requires a configured counting rider number from 2 through 8.\n    at resolveUniversalTeamTimeTrialFinish (C:/Users/Aleks/Desktop/ProPeleton Manager/Main/src/universal-race-engine/runRaceEngine.ts:14229:11)\n    at resolveUniversalFinishResolution (C:/Users/Aleks/Desktop/ProPeleton Manager/Main/src/universal-race-engine/runRaceEngine.ts:14857:20)\n    at runRaceEngine (C:/Users/Aleks/Desktop/ProPeleton Manager/Main/src/universal-race-engine/runRaceEngine.ts:15069:28)\n    at C:/Users/Aleks/Desktop/ProPeleton Manager/Main/src/universal-race-engine/runRaceEngine.test.ts:582:12\n    at file:///C:/Users/Aleks/AppData/Local/npm-cache/_npx/69c381f8ad94b576/node_modules/@vitest/runner/dist/chunk-artifact.js:302:11\n    at file:///C:/Users/Aleks/AppData/Local/npm-cache/_npx/69c381f8ad94b576/node_modules/@vitest/runner/dist/chunk-artifact.js:1903:26\n    at file:///C:/Users/Aleks/AppData/Local/npm-cache/_npx/69c381f8ad94b576/node_modules/@vitest/runner/dist/chunk-artifact.js:2326:20\n    at new Promise (<anonymous>)\n    at runWithCancel (file:///C:/Users/Aleks/AppData/Local/npm-cache/_npx/69c381f8ad94b576/node_modules/@vitest/runner/dist/chunk-artifact.js:2323:10)\n    at file:///C:/Users/Aleks/AppData/Local/npm-cache/_npx/69c381f8ad94b576/node_modules/@vitest/runner/dist/chunk-artifact.js:2305:20"],"meta":{},"tags":[]},{"ancestorTitles":["PPM Universal Race v1 input contract"],"fullName":"PPM Universal Race v1 input contract accepts a pair time trial","status":"passed","title":"accepts a pair time trial","duration":2.058200000000056,"failureMessages":[],"meta":{},"tags":[]},{"ancestorTitles":["PPM Universal Race v1 input contract"],"fullName":"PPM Universal Race v1 input contract accepts a prologue","status":"passed","title":"accepts a prologue","duration":1.2182999999999993,"failureMessages":[],"meta":{},"tags":[]},{"ancestorTitles":["PPM Universal Race v1 input contract"],"fullName":"PPM Universal Race v1 input contract accepts a cobbled road stage as road_race plus cobbled terrain","status":"passed","title":"accepts a cobbled road stage as road_race plus cobbled terrain","duration":4.972399999999993,"failureMessages":[],"meta":{},"tags":[]},{"ancestorTitles":["PPM Universal Race v1 input contract"],"fullName":"PPM Universal Race v1 input contract returns identical results for identical inputs","status":"passed","title":"returns identical results for identical inputs","duration":12.459899999999948,"failureMessages":[],"meta":{},"tags":[]},{"ancestorTitles":["PPM Universal Race v1 input contract"],"fullName":"PPM Universal Race v1 input contract rejects an invalid race type","status":"passed","title":"rejects an invalid race type","duration":0.9610999999999876,"failureMessages":[],"meta":{},"tags":[]},{"ancestorTitles":["PPM Universal Race v1 input contract"],"fullName":"PPM Universal Race v1 input contract rejects an invalid stage format","status":"passed","title":"rejects an invalid stage format","duration":0.4819999999999709,"failureMessages":[],"meta":{},"tags":[]},{"ancestorTitles":["PPM Universal Race v1 input contract"],"fullName":"PPM Universal Race v1 input contract rejects an invalid finish type","status":"passed","title":"rejects an invalid finish type","duration":0.5189000000000306,"failureMessages":[],"meta":{},"tags":[]},{"ancestorTitles":["PPM Universal Race v1 input contract"],"fullName":"PPM Universal Race v1 input contract rejects an empty deterministic seed","status":"passed","title":"rejects an empty deterministic seed","duration":0.5499999999999545,"failureMessages":[],"meta":{},"tags":[]},{"ancestorTitles":["PPM Universal Race v1 input contract"],"fullName":"PPM Universal Race v1 input contract rejects an invalid distance","status":"passed","title":"rejects an invalid distance","duration":0.29179999999996653,"failureMessages":[],"meta":{},"tags":[]},{"ancestorTitles":["PPM Universal Race v1 input contract"],"fullName":"PPM Universal Race v1 input contract rejects unordered profile points","status":"passed","title":"rejects unordered profile points","duration":0.625,"failureMessages":[],"meta":{},"tags":[]},{"ancestorTitles":["PPM Universal Race v1 input contract"],"fullName":"PPM Universal Race v1 input contract rejects a profile that does not begin at kilometre zero","status":"passed","title":"rejects a profile that does not begin at kilometre zero","duration":0.40619999999989886,"failureMessages":[],"meta":{},"tags":[]},{"ancestorTitles":["PPM Universal Race v1 input contract"],"fullName":"PPM Universal Race v1 input contract rejects a profile that does not end at stage distance","status":"passed","title":"rejects a profile that does not end at stage distance","duration":0.24710000000004584,"failureMessages":[],"meta":{},"tags":[]},{"ancestorTitles":["PPM Universal Race v1 input contract"],"fullName":"PPM Universal Race v1 input contract rejects a point outside stage distance","status":"passed","title":"rejects a point outside stage distance","duration":0.30320000000006075,"failureMessages":[],"meta":{},"tags":[]},{"ancestorTitles":["PPM Universal Race v1 input contract"],"fullName":"PPM Universal Race v1 input contract rejects a duplicate participant team","status":"passed","title":"rejects a duplicate participant team","duration":0.276299999999992,"failureMessages":[],"meta":{},"tags":[]},{"ancestorTitles":["PPM Universal Race v1 input contract"],"fullName":"PPM Universal Race v1 input contract rejects a duplicate rider input","status":"passed","title":"rejects a duplicate rider input","duration":0.2481000000000222,"failureMessages":[],"meta":{},"tags":[]},{"ancestorTitles":["PPM Universal Race v1 input contract"],"fullName":"PPM Universal Race v1 input contract rejects a rider assigned to no accepted team","status":"passed","title":"rejects a rider assigned to no accepted team","duration":0.33379999999999654,"failureMessages":[],"meta":{},"tags":[]},{"ancestorTitles":["PPM Universal Race v1 input contract"],"fullName":"PPM Universal Race v1 input contract rejects a rider assigned to two accepted teams","status":"passed","title":"rejects a rider assigned to two accepted teams","duration":0.28379999999992833,"failureMessages":[],"meta":{},"tags":[]},{"ancestorTitles":["PPM Universal Race v1 input contract"],"fullName":"PPM Universal Race v1 input contract rejects a stage plan that references an unknown rider","status":"passed","title":"rejects a stage plan that references an unknown rider","duration":0.7556000000000722,"failureMessages":[],"meta":{},"tags":[]},{"ancestorTitles":["PPM Universal Race v1 input contract"],"fullName":"PPM Universal Race v1 input contract rejects a rider numeric input above the verified range","status":"passed","title":"rejects a rider numeric input above the verified range","duration":0.6826000000000931,"failureMessages":[],"meta":{},"tags":[]},{"ancestorTitles":["PPM Universal Race v1 input contract"],"fullName":"PPM Universal Race v1 input contract rejects numeric phase commands","status":"passed","title":"rejects numeric phase commands","duration":0.4904000000000224,"failureMessages":[],"meta":{},"tags":[]},{"ancestorTitles":["PPM Universal Race v1 input contract"],"fullName":"PPM Universal Race v1 input contract contains no generic default of 80","status":"passed","title":"contains no generic default of 80","duration":2.5914000000000215,"failureMessages":[],"meta":{},"tags":[]},{"ancestorTitles":["PPM Universal Race v1 input contract"],"fullName":"PPM Universal Race v1 input contract contains no named-race or old-fixture condition","status":"passed","title":"contains no named-race or old-fixture condition","duration":2.4692000000000007,"failureMessages":[],"meta":{},"tags":[]},{"ancestorTitles":["PPM Universal Race v1 input contract"],"fullName":"PPM Universal Race v1 input contract does not import forbidden old-engine modules","status":"passed","title":"does not import forbidden old-engine modules","duration":2.526200000000017,"failureMessages":[],"meta":{},"tags":[]},{"ancestorTitles":["PPM Universal Race v1 terrain analysis and classification"],"fullName":"PPM Universal Race v1 terrain analysis and classification classifies flat, hilly, mountain, and cobbled road stages from stored terrain type","status":"passed","title":"classifies flat, hilly, mountain, and cobbled road stages from stored terrain type","duration":11.361300000000028,"failureMessages":[],"meta":{},"tags":[]},{"ancestorTitles":["PPM Universal Race v1 terrain analysis and classification"],"fullName":"PPM Universal Race v1 terrain analysis and classification rejects an incompatible stage format and terrain type","status":"passed","title":"rejects an incompatible stage format and terrain type","duration":0.5045000000000073,"failureMessages":[],"meta":{},"tags":[]},{"ancestorTitles":["PPM Universal Race v1 terrain analysis and classification"],"fullName":"PPM Universal Race v1 terrain analysis and classification returns terrain shares that total exactly one","status":"passed","title":"returns terrain shares that total exactly one","duration":2.06230000000005,"failureMessages":[],"meta":{},"tags":[]},{"ancestorTitles":["PPM Universal Race v1 terrain analysis and classification"],"fullName":"PPM Universal Race v1 terrain analysis and classification weights terrain shares by segment distance rather than segment count","status":"passed","title":"weights terrain shares by segment distance rather than segment count","duration":1.9435000000000855,"failureMessages":[],"meta":{},"tags":[]},{"ancestorTitles":["PPM Universal Race v1 terrain analysis and classification"],"fullName":"PPM Universal Race v1 terrain analysis and classification calculates flat, rolling, climbing, and descent shares","status":"passed","title":"calculates flat, rolling, climbing, and descent shares","duration":1.3389000000000806,"failureMessages":[],"meta":{},"tags":[]},{"ancestorTitles":["PPM Universal Race v1 terrain analysis and classification"],"fullName":"PPM Universal Race v1 terrain analysis and classification sums only positive elevation changes for total ascent","status":"passed","title":"sums only positive elevation changes for total ascent","duration":0.9274000000000342,"failureMessages":[],"meta":{},"tags":[]},{"ancestorTitles":["PPM Universal Race v1 terrain analysis and classification"],"fullName":"PPM Universal Race v1 terrain analysis and classification calculates ascent per 100 kilometres","status":"passed","title":"calculates ascent per 100 kilometres","duration":0.7703000000000202,"failureMessages":[],"meta":{},"tags":[]},{"ancestorTitles":["PPM Universal Race v1 terrain analysis and classification"],"fullName":"PPM Universal Race v1 terrain analysis and classification calculates the longest consecutive climb","status":"passed","title":"calculates the longest consecutive climb","duration":0.8642999999999574,"failureMessages":[],"meta":{},"tags":[]},{"ancestorTitles":["PPM Universal Race v1 terrain analysis and classification"],"fullName":"PPM Universal Race v1 terrain analysis and classification does not combine climbs separated by a non-climbing segment","status":"passed","title":"does not combine climbs separated by a non-climbing segment","duration":0.8651000000000977,"failureMessages":[],"meta":{},"tags":[]},{"ancestorTitles":["PPM Universal Race v1 terrain analysis and classification"],"fullName":"PPM Universal Race v1 terrain analysis and classification ignores positive-gradient segments shorter than 0.5 km for maximum important gradient","status":"passed","title":"ignores positive-gradient segments shorter than 0.5 km for maximum important gradient","duration":0.8251000000000204,"failureMessages":[],"meta":{},"tags":[]},{"ancestorTitles":["PPM Universal Race v1 terrain analysis and classification"],"fullName":"PPM Universal Race v1 terrain analysis and classification detects a summit finish from the stored boolean","status":"passed","title":"detects a summit finish from the stored boolean","duration":1.9537000000000262,"failureMessages":[],"meta":{},"tags":[]},{"ancestorTitles":["PPM Universal Race v1 terrain analysis and classification"],"fullName":"PPM Universal Race v1 terrain analysis and classification detects a summit finish from summit_finish","status":"passed","title":"detects a summit finish from summit_finish","duration":1.1327999999999747,"failureMessages":[],"meta":{},"tags":[]},{"ancestorTitles":["PPM Universal Race v1 terrain analysis and classification"],"fullName":"PPM Universal Race v1 terrain analysis and classification allows negative elevation values below sea level","status":"passed","title":"allows negative elevation values below sea level","duration":0.7947999999998956,"failureMessages":[],"meta":{},"tags":[]},{"ancestorTitles":["PPM Universal Race v1 terrain analysis and classification"],"fullName":"PPM Universal Race v1 terrain analysis and classification produces identical complete results for identical inputs","status":"passed","title":"produces identical complete results for identical inputs","duration":4.623499999999922,"failureMessages":[],"meta":{},"tags":[]},{"ancestorTitles":["PPM Universal Race v1 difficulty classification"],"fullName":"PPM Universal Race v1 difficulty classification assigns all five difficulty categories from production-calibrated metrics","status":"passed","title":"assigns all five difficulty categories from production-calibrated metrics","duration":3.737799999999993,"failureMessages":[],"meta":{},"tags":[]},{"ancestorTitles":["PPM Universal Race v1 difficulty classification"],"fullName":"PPM Universal Race v1 difficulty classification includes finish profile in difficulty","status":"passed","title":"includes finish profile in difficulty","duration":1.5013000000000147,"failureMessages":[],"meta":{},"tags":[]},{"ancestorTitles":["PPM Universal Race v1 difficulty classification"],"fullName":"PPM Universal Race v1 difficulty classification includes runnable weather severity in difficulty","status":"passed","title":"includes runnable weather severity in difficulty","duration":1.57000000000005,"failureMessages":[],"meta":{},"tags":[]},{"ancestorTitles":["PPM Universal Race v1 difficulty classification"],"fullName":"PPM Universal Race v1 difficulty classification treats missing weather as neutral","status":"passed","title":"treats missing weather as neutral","duration":1.296199999999999,"failureMessages":[],"meta":{},"tags":[]},{"ancestorTitles":["PPM Universal Race v1 difficulty classification"],"fullName":"PPM Universal Race v1 difficulty classification does not parse arbitrary free-form condition names as weather severity","status":"passed","title":"does not parse arbitrary free-form condition names as weather severity","duration":1.0489999999999782,"failureMessages":[],"meta":{},"tags":[]},{"ancestorTitles":["PPM Universal Race v1 difficulty classification"],"fullName":"PPM Universal Race v1 difficulty classification rejects stages already cancelled by weather","status":"passed","title":"rejects stages already cancelled by weather","duration":0.2861999999998943,"failureMessages":[],"meta":{},"tags":[]},{"ancestorTitles":["PPM Universal Race v1 difficulty classification"],"fullName":"PPM Universal Race v1 difficulty classification rejects runnable weather below the backend cancellation temperature","status":"passed","title":"rejects runnable weather below the backend cancellation temperature","duration":0.21480000000008204,"failureMessages":[],"meta":{},"tags":[]},{"ancestorTitles":["PPM Universal Race v1 difficulty classification"],"fullName":"PPM Universal Race v1 difficulty classification rejects the exact canonical snow condition before calculation","status":"passed","title":"rejects the exact canonical snow condition before calculation","duration":0.22519999999997253,"failureMessages":[],"meta":{},"tags":[]},{"ancestorTitles":["PPM Universal Race v1 difficulty classification"],"fullName":"PPM Universal Race v1 difficulty classification returns deterministic difficulty for identical inputs","status":"passed","title":"returns deterministic difficulty for identical inputs","duration":1.8801999999999452,"failureMessages":[],"meta":{},"tags":[]},{"ancestorTitles":["PPM Universal Race v1 rider readiness"],"fullName":"PPM Universal Race v1 rider readiness returns the universal readiness contract for every rider","status":"passed","title":"returns the universal readiness contract for every rider","duration":2.2632999999999583,"failureMessages":[],"meta":{},"tags":[]},{"ancestorTitles":["PPM Universal Race v1 rider readiness"],"fullName":"PPM Universal Race v1 rider readiness uses the authoritative start-freshness formula","status":"passed","title":"uses the authoritative start-freshness formula","duration":1.243099999999913,"failureMessages":[],"meta":{},"tags":[]},{"ancestorTitles":["PPM Universal Race v1 rider readiness"],"fullName":"PPM Universal Race v1 rider readiness clamps fatigue to the configured 0-100 limits","status":"passed","title":"clamps fatigue to the configured 0-100 limits","duration":1.3467000000000553,"failureMessages":[],"meta":{},"tags":[]},{"ancestorTitles":["PPM Universal Race v1 rider readiness"],"fullName":"PPM Universal Race v1 rider readiness uses recent form on the authoritative -15 to 30 scale","status":"passed","title":"uses recent form on the authoritative -15 to 30 scale","duration":2.335299999999961,"failureMessages":[],"meta":{},"tags":[]},{"ancestorTitles":["PPM Universal Race v1 rider readiness"],"fullName":"PPM Universal Race v1 rider readiness applies the production not-fully-fit readiness penalty","status":"passed","title":"applies the production not-fully-fit readiness penalty","duration":2.239599999999996,"failureMessages":[],"meta":{},"tags":[]},{"ancestorTitles":["PPM Universal Race v1 rider readiness"],"fullName":"PPM Universal Race v1 rider readiness marks injured and sick DNS riders unavailable","status":"passed","title":"marks injured and sick DNS riders unavailable","duration":1.360900000000015,"failureMessages":[],"meta":{},"tags":[]},{"ancestorTitles":["PPM Universal Race v1 rider readiness"],"fullName":"PPM Universal Race v1 rider readiness honours selection-blocking health cases and return fatigue floors","status":"passed","title":"honours selection-blocking health cases and return fatigue floors","duration":3.819500000000062,"failureMessages":[],"meta":{},"tags":[]},{"ancestorTitles":["PPM Universal Race v1 rider readiness"],"fullName":"PPM Universal Race v1 rider readiness reports previous-stage recovery without double-counting it","status":"passed","title":"reports previous-stage recovery without double-counting it","duration":1.3713000000000193,"failureMessages":[],"meta":{},"tags":[]},{"ancestorTitles":["PPM Universal Race v1 rider readiness"],"fullName":"PPM Universal Race v1 rider readiness uses start freshness once for pre-stage performance and start energy","status":"passed","title":"uses start freshness once for pre-stage performance and start energy","duration":1.2665000000000646,"failureMessages":[],"meta":{},"tags":[]},{"ancestorTitles":["PPM Universal Race v1 rider readiness"],"fullName":"PPM Universal Race v1 rider readiness does not multiply movement energy cost by raw fatigue a second time","status":"passed","title":"does not multiply movement energy cost by raw fatigue a second time","duration":2.1692999999999074,"failureMessages":[],"meta":{},"tags":[]},{"ancestorTitles":["PPM Universal Race v1 rider readiness"],"fullName":"PPM Universal Race v1 rider readiness uses one engine-owned starting condition instead of the supplied legacy startStamina","status":"passed","title":"uses one engine-owned starting condition instead of the supplied legacy startStamina","duration":3.91579999999999,"failureMessages":[],"meta":{},"tags":[]},{"ancestorTitles":["PPM Universal Race v1 rider readiness"],"fullName":"PPM Universal Race v1 rider readiness makes fatigue alone lower the physical reserve through every race phase","status":"passed","title":"makes fatigue alone lower the physical reserve through every race phase","duration":2.1323999999999614,"failureMessages":[],"meta":{},"tags":[]},{"ancestorTitles":["PPM Universal Race v1 rider readiness"],"fullName":"PPM Universal Race v1 rider readiness makes race sharpness alone change start energy and the complete energy chain","status":"passed","title":"makes race sharpness alone change start energy and the complete energy chain","duration":2.220199999999977,"failureMessages":[],"meta":{},"tags":[]},{"ancestorTitles":["PPM Universal Race v1 rider readiness"],"fullName":"PPM Universal Race v1 rider readiness charges not-fully-fit availability once through physical start energy","status":"passed","title":"charges not-fully-fit availability once through physical start energy","duration":2.3536000000000286,"failureMessages":[],"meta":{},"tags":[]},{"ancestorTitles":["PPM Universal Race v1 rider readiness"],"fullName":"PPM Universal Race v1 rider readiness does not apply recovery skill again when current fatigue is identical","status":"passed","title":"does not apply recovery skill again when current fatigue is identical","duration":1.7940000000000964,"failureMessages":[],"meta":{},"tags":[]},{"ancestorTitles":["PPM Universal Race v1 rider readiness"],"fullName":"PPM Universal Race v1 rider readiness passes the authoritative reserve continuously from Phase 1 to Phase 4","status":"passed","title":"passes the authoritative reserve continuously from Phase 1 to Phase 4","duration":1.0694999999999482,"failureMessages":[],"meta":{},"tags":[]},{"ancestorTitles":["PPM Universal Race v1 rider readiness"],"fullName":"PPM Universal Race v1 rider readiness is deterministic for identical engine-owned starting conditions","status":"passed","title":"is deterministic for identical engine-owned starting conditions","duration":3.7200000000000273,"failureMessages":[],"meta":{},"tags":[]},{"ancestorTitles":["PPM Universal Race v1 rider readiness"],"fullName":"PPM Universal Race v1 rider readiness keeps preparation energy and post-stage modifiers in separate channels","status":"passed","title":"keeps preparation energy and post-stage modifiers in separate channels","duration":2.5327000000000908,"failureMessages":[],"meta":{},"tags":[]},{"ancestorTitles":["PPM Universal Race v1 rider readiness"],"fullName":"PPM Universal Race v1 rider readiness calculates intrinsic recovery from recovery skill and morale only","status":"passed","title":"calculates intrinsic recovery from recovery skill and morale only","duration":3.642500000000041,"failureMessages":[],"meta":{},"tags":[]},{"ancestorTitles":["PPM Universal Race v1 rider readiness"],"fullName":"PPM Universal Race v1 rider readiness deactivates performance and start-energy channels for DNS riders","status":"passed","title":"deactivates performance and start-energy channels for DNS riders","duration":1.8015000000000327,"failureMessages":[],"meta":{},"tags":[]},{"ancestorTitles":["PPM Universal Race v1 rider readiness"],"fullName":"PPM Universal Race v1 rider readiness rejects invalid preparation fatigue-channel modifiers","status":"passed","title":"rejects invalid preparation fatigue-channel modifiers","duration":1.3257999999999583,"failureMessages":[],"meta":{},"tags":[]},{"ancestorTitles":["PPM Universal Race v1 rider readiness"],"fullName":"PPM Universal Race v1 rider readiness rejects recent-form values outside the production range","status":"passed","title":"rejects recent-form values outside the production range","duration":0.5138999999999214,"failureMessages":[],"meta":{},"tags":[]},{"ancestorTitles":["PPM Universal Race v1 rider readiness"],"fullName":"PPM Universal Race v1 rider readiness is deterministic and independent of rider input ordering","status":"passed","title":"is deterministic and independent of rider input ordering","duration":1.8401999999999816,"failureMessages":[],"meta":{},"tags":[]},{"ancestorTitles":["PPM Universal Race v1 stage skill weights and TTT rules"],"fullName":"PPM Universal Race v1 stage skill weights and TTT rules defines the flat-stage skill weights without mixing readiness into skill","status":"passed","title":"defines the flat-stage skill weights without mixing readiness into skill","duration":0.9032999999999447,"failureMessages":[],"meta":{},"tags":[]},{"ancestorTitles":["PPM Universal Race v1 stage skill weights and TTT rules"],"fullName":"PPM Universal Race v1 stage skill weights and TTT rules defines the production hilly-stage skill weights","status":"passed","title":"defines the production hilly-stage skill weights","duration":0.95150000000001,"failureMessages":[],"meta":{},"tags":[]},{"ancestorTitles":["PPM Universal Race v1 stage skill weights and TTT rules"],"fullName":"PPM Universal Race v1 stage skill weights and TTT rules defines the production mountain-stage skill weights","status":"passed","title":"defines the production mountain-stage skill weights","duration":0.859700000000089,"failureMessages":[],"meta":{},"tags":[]},{"ancestorTitles":["PPM Universal Race v1 stage skill weights and TTT rules"],"fullName":"PPM Universal Race v1 stage skill weights and TTT rules defines cobbled-stage weights for every supported road terrain","status":"passed","title":"defines cobbled-stage weights for every supported road terrain","duration":0.8850999999999658,"failureMessages":[],"meta":{},"tags":[]},{"ancestorTitles":["PPM Universal Race v1 stage skill weights and TTT rules"],"fullName":"PPM Universal Race v1 stage skill weights and TTT rules uses the production route-sensitive weights for a short flat ITT","status":"passed","title":"uses the production route-sensitive weights for a short flat ITT","duration":0.5419000000000551,"failureMessages":[],"meta":{},"tags":[]},{"ancestorTitles":["PPM Universal Race v1 stage skill weights and TTT rules"],"fullName":"PPM Universal Race v1 stage skill weights and TTT rules changes ITT endurance and resistance weights at forty kilometres","status":"passed","title":"changes ITT endurance and resistance weights at forty kilometres","duration":1.1847000000000207,"failureMessages":[],"meta":{},"tags":[]},{"ancestorTitles":["PPM Universal Race v1 stage skill weights and TTT rules"],"fullName":"PPM Universal Race v1 stage skill weights and TTT rules gives prologues their separate explosive pacing profile","status":"passed","title":"gives prologues their separate explosive pacing profile","duration":1.0182999999999538,"failureMessages":[],"meta":{},"tags":[]},{"ancestorTitles":["PPM Universal Race v1 stage skill weights and TTT rules"],"fullName":"PPM Universal Race v1 stage skill weights and TTT rules uses team coordination for pair and team time trials","status":"failed","title":"uses team coordination for pair and team time trials","duration":1.8478999999999814,"failureMessages":["Error: Team time-trial resolution requires at least 4 eligible riders per team.\n    at scoreUniversalTeamTimeTrialTeam (C:/Users/Aleks/Desktop/ProPeleton Manager/Main/src/universal-race-engine/runRaceEngine.ts:14058:11)\n    at C:/Users/Aleks/Desktop/ProPeleton Manager/Main/src/universal-race-engine/runRaceEngine.ts:14243:7\n    at Array.map (<anonymous>)\n    at resolveUniversalTeamTimeTrialFinish (C:/Users/Aleks/Desktop/ProPeleton Manager/Main/src/universal-race-engine/runRaceEngine.ts:14241:59)\n    at resolveUniversalFinishResolution (C:/Users/Aleks/Desktop/ProPeleton Manager/Main/src/universal-race-engine/runRaceEngine.ts:14857:20)\n    at runRaceEngine (C:/Users/Aleks/Desktop/ProPeleton Manager/Main/src/universal-race-engine/runRaceEngine.ts:15069:28)\n    at C:/Users/Aleks/Desktop/ProPeleton Manager/Main/src/universal-race-engine/runRaceEngine.test.ts:2253:18\n    at file:///C:/Users/Aleks/AppData/Local/npm-cache/_npx/69c381f8ad94b576/node_modules/@vitest/runner/dist/chunk-artifact.js:302:11\n    at file:///C:/Users/Aleks/AppData/Local/npm-cache/_npx/69c381f8ad94b576/node_modules/@vitest/runner/dist/chunk-artifact.js:1903:26\n    at file:///C:/Users/Aleks/AppData/Local/npm-cache/_npx/69c381f8ad94b576/node_modules/@vitest/runner/dist/chunk-artifact.js:2326:20"],"meta":{},"tags":[]},{"ancestorTitles":["PPM Universal Race v1 stage skill weights and TTT rules"],"fullName":"PPM Universal Race v1 stage skill weights and TTT rules defines TTT counting-group, team-time, cohesion, and tie-break rules","status":"failed","title":"defines TTT counting-group, team-time, cohesion, and tie-break rules","duration":0.7584000000000515,"failureMessages":["Error: Team time-trial resolution requires at least 4 eligible riders per team.\n    at scoreUniversalTeamTimeTrialTeam (C:/Users/Aleks/Desktop/ProPeleton Manager/Main/src/universal-race-engine/runRaceEngine.ts:14058:11)\n    at C:/Users/Aleks/Desktop/ProPeleton Manager/Main/src/universal-race-engine/runRaceEngine.ts:14243:7\n    at Array.map (<anonymous>)\n    at resolveUniversalTeamTimeTrialFinish (C:/Users/Aleks/Desktop/ProPeleton Manager/Main/src/universal-race-engine/runRaceEngine.ts:14241:59)\n    at resolveUniversalFinishResolution (C:/Users/Aleks/Desktop/ProPeleton Manager/Main/src/universal-race-engine/runRaceEngine.ts:14857:20)\n    at runRaceEngine (C:/Users/Aleks/Desktop/ProPeleton Manager/Main/src/universal-race-engine/runRaceEngine.ts:15069:28)\n    at C:/Users/Aleks/Desktop/ProPeleton Manager/Main/src/universal-race-engine/runRaceEngine.test.ts:2279:19\n    at file:///C:/Users/Aleks/AppData/Local/npm-cache/_npx/69c381f8ad94b576/node_modules/@vitest/runner/dist/chunk-artifact.js:302:11\n    at file:///C:/Users/Aleks/AppData/Local/npm-cache/_npx/69c381f8ad94b576/node_modules/@vitest/runner/dist/chunk-artifact.js:1903:26\n    at file:///C:/Users/Aleks/AppData/Local/npm-cache/_npx/69c381f8ad94b576/node_modules/@vitest/runner/dist/chunk-artifact.js:2326:20"],"meta":{},"tags":[]},{"ancestorTitles":["PPM Universal Race v1 stage skill weights and TTT rules"],"fullName":"PPM Universal Race v1 stage skill weights and TTT rules reproduces the capped production TTT cohesion penalty","status":"passed","title":"reproduces the capped production TTT cohesion penalty","duration":0.16200000000003456,"failureMessages":[],"meta":{},"tags":[]},{"ancestorTitles":["PPM Universal Race v1 stage skill weights and TTT rules"],"fullName":"PPM Universal Race v1 stage skill weights and TTT rules does not invent a generic TTT counting-rider default","status":"failed","title":"does not invent a generic TTT counting-rider default","duration":0.5855000000000246,"failureMessages":["Error: Team time-trial resolution requires a configured counting rider number from 2 through 8.\n    at resolveUniversalTeamTimeTrialFinish (C:/Users/Aleks/Desktop/ProPeleton Manager/Main/src/universal-race-engine/runRaceEngine.ts:14229:11)\n    at resolveUniversalFinishResolution (C:/Users/Aleks/Desktop/ProPeleton Manager/Main/src/universal-race-engine/runRaceEngine.ts:14857:20)\n    at runRaceEngine (C:/Users/Aleks/Desktop/ProPeleton Manager/Main/src/universal-race-engine/runRaceEngine.ts:15069:28)\n    at C:/Users/Aleks/Desktop/ProPeleton Manager/Main/src/universal-race-engine/runRaceEngine.test.ts:2308:19\n    at file:///C:/Users/Aleks/AppData/Local/npm-cache/_npx/69c381f8ad94b576/node_modules/@vitest/runner/dist/chunk-artifact.js:302:11\n    at file:///C:/Users/Aleks/AppData/Local/npm-cache/_npx/69c381f8ad94b576/node_modules/@vitest/runner/dist/chunk-artifact.js:1903:26\n    at file:///C:/Users/Aleks/AppData/Local/npm-cache/_npx/69c381f8ad94b576/node_modules/@vitest/runner/dist/chunk-artifact.js:2326:20\n    at new Promise (<anonymous>)\n    at runWithCancel (file:///C:/Users/Aleks/AppData/Local/npm-cache/_npx/69c381f8ad94b576/node_modules/@vitest/runner/dist/chunk-artifact.js:2323:10)\n    at file:///C:/Users/Aleks/AppData/Local/npm-cache/_npx/69c381f8ad94b576/node_modules/@vitest/runner/dist/chunk-artifact.js:2305:20"],"meta":{},"tags":[]},{"ancestorTitles":["PPM Universal Race v1 stage skill weights and TTT rules"],"fullName":"PPM Universal Race v1 stage skill weights and TTT rules rejects a TTT counting-rider number outside the production range","status":"passed","title":"rejects a TTT counting-rider number outside the production range","duration":0.20830000000000837,"failureMessages":[],"meta":{},"tags":[]},{"ancestorTitles":["Phase 2 deterministic suitability and favourites"],"fullName":"Phase 2 deterministic suitability and favourites calculates rider suitability from stage skill and audited readiness modifiers","status":"passed","title":"calculates rider suitability from stage skill and audited readiness modifiers","duration":1.6453000000000202,"failureMessages":[],"meta":{},"tags":[]},{"ancestorTitles":["Phase 2 deterministic suitability and favourites"],"fullName":"Phase 2 deterministic suitability and favourites changes rider ranking with the stage-specific skill matrix","status":"passed","title":"changes rider ranking with the stage-specific skill matrix","duration":3.126100000000065,"failureMessages":[],"meta":{},"tags":[]},{"ancestorTitles":["Phase 2 deterministic suitability and favourites"],"fullName":"Phase 2 deterministic suitability and favourites keeps ineligible riders out of all favourite and breakaway lists","status":"passed","title":"keeps ineligible riders out of all favourite and breakaway lists","duration":0.9675999999999476,"failureMessages":[],"meta":{},"tags":[]},{"ancestorTitles":["Phase 2 deterministic suitability and favourites"],"fullName":"Phase 2 deterministic suitability and favourites calculates ordinary team strength from the top three eligible riders","status":"passed","title":"calculates ordinary team strength from the top three eligible riders","duration":2.365699999999947,"failureMessages":[],"meta":{},"tags":[]},{"ancestorTitles":["Phase 2 deterministic suitability and favourites"],"fullName":"Phase 2 deterministic suitability and favourites uses the slowest counting rider and cohesion for TTT team strength","status":"passed","title":"uses the slowest counting rider and cohesion for TTT team strength","duration":1.7364000000000033,"failureMessages":[],"meta":{},"tags":[]},{"ancestorTitles":["Phase 2 deterministic suitability and favourites"],"fullName":"Phase 2 deterministic suitability and favourites reuses the production favourite score shares and caps season points at 300","status":"passed","title":"reuses the production favourite score shares and caps season points at 300","duration":1.1393000000000484,"failureMessages":[],"meta":{},"tags":[]},{"ancestorTitles":["Phase 2 deterministic suitability and favourites"],"fullName":"Phase 2 deterministic suitability and favourites partitions the ranked field into main, secondary, and outsider groups","status":"passed","title":"partitions the ranked field into main, secondary, and outsider groups","duration":4.642500000000041,"failureMessages":[],"meta":{},"tags":[]},{"ancestorTitles":["Phase 2 deterministic suitability and favourites"],"fullName":"Phase 2 deterministic suitability and favourites produces separate sprinter, climber, and time-trial favourite lists","status":"passed","title":"produces separate sprinter, climber, and time-trial favourite lists","duration":1.6649999999999636,"failureMessages":[],"meta":{},"tags":[]},{"ancestorTitles":["Phase 2 deterministic suitability and favourites"],"fullName":"Phase 2 deterministic suitability and favourites uses the audited breakaway score and deterministic 4-6 candidate count","status":"passed","title":"uses the audited breakaway score and deterministic 4-6 candidate count","duration":2.3075000000000045,"failureMessages":[],"meta":{},"tags":[]},{"ancestorTitles":["Phase 2 deterministic suitability and favourites"],"fullName":"Phase 2 deterministic suitability and favourites uses start number before name and rider ID for favourite ties","status":"passed","title":"uses start number before name and rider ID for favourite ties","duration":1.1902999999999793,"failureMessages":[],"meta":{},"tags":[]},{"ancestorTitles":["Phase 2 deterministic suitability and favourites"],"fullName":"Phase 2 deterministic suitability and favourites is deterministic for suitability, team strength, and every favourite list","status":"passed","title":"is deterministic for suitability, team strength, and every favourite list","duration":10.508299999999963,"failureMessages":[],"meta":{},"tags":[]},{"ancestorTitles":["Phase 2 deterministic suitability and favourites"],"fullName":"Phase 2 deterministic suitability and favourites validates optional season points instead of accepting negative values","status":"passed","title":"validates optional season points instead of accepting negative values","duration":0.3447999999999638,"failureMessages":[],"meta":{},"tags":[]},{"ancestorTitles":["Phase 2 final readiness and cross-format verification"],"fullName":"Phase 2 final readiness and cross-format verification penalizes a high-skill rider when readiness is poor","status":"passed","title":"penalizes a high-skill rider when readiness is poor","duration":2.8034999999999854,"failureMessages":[],"meta":{},"tags":[]},{"ancestorTitles":["Phase 2 final readiness and cross-format verification"],"fullName":"Phase 2 final readiness and cross-format verification allows lower skill with excellent readiness to outrank higher skill with poor readiness","status":"passed","title":"allows lower skill with excellent readiness to outrank higher skill with poor readiness","duration":1.1747000000000298,"failureMessages":[],"meta":{},"tags":[]},{"ancestorTitles":["Phase 2 final readiness and cross-format verification"],"fullName":"Phase 2 final readiness and cross-format verification runs the complete readiness and suitability pipeline for every supported format and profile","status":"passed","title":"runs the complete readiness and suitability pipeline for every supported format and profile","duration":17.13460000000009,"failureMessages":[],"meta":{},"tags":[]},{"ancestorTitles":["Phase 2 final readiness and cross-format verification"],"fullName":"Phase 2 final readiness and cross-format verification contains no rider-, team-, race-, or stage-specific ID conditions","status":"passed","title":"contains no rider-, team-, race-, or stage-specific ID conditions","duration":5.851699999999937,"failureMessages":[],"meta":{},"tags":[]},{"ancestorTitles":["Phase 3 command contract and objective eligibility"],"fullName":"Phase 3 command contract and objective eligibility defines one validated command contract and the exact four road phases","status":"passed","title":"defines one validated command contract and the exact four road phases","duration":1.1080999999999221,"failureMessages":[],"meta":{},"tags":[]},{"ancestorTitles":["Phase 3 command contract and objective eligibility"],"fullName":"Phase 3 command contract and objective eligibility rejects unknown commands and unsupported road team tactics","status":"passed","title":"rejects unknown commands and unsupported road team tactics","duration":0.3570999999999458,"failureMessages":[],"meta":{},"tags":[]},{"ancestorTitles":["Phase 3 command contract and objective eligibility"],"fullName":"Phase 3 command contract and objective eligibility maps every accepted saved command to deterministic behaviour and effects","status":"passed","title":"maps every accepted saved command to deterministic behaviour and effects","duration":0.4296999999999116,"failureMessages":[],"meta":{},"tags":[]},{"ancestorTitles":["Phase 3 command contract and objective eligibility"],"fullName":"Phase 3 command contract and objective eligibility preserves production role efficiency in command effort","status":"passed","title":"preserves production role efficiency in command effort","duration":0.13859999999999673,"failureMessages":[],"meta":{},"tags":[]},{"ancestorTitles":["Phase 3 command contract and objective eligibility"],"fullName":"Phase 3 command contract and objective eligibility resolves explicit command before role default before team fallback","status":"passed","title":"resolves explicit command before role default before team fallback","duration":4.520600000000059,"failureMessages":[],"meta":{},"tags":[]},{"ancestorTitles":["Phase 3 command contract and objective eligibility"],"fullName":"Phase 3 command contract and objective eligibility requires an explicit saved command for attacks and opening breakaways","status":"passed","title":"requires an explicit saved command for attacks and opening breakaways","duration":2.89650000000006,"failureMessages":[],"meta":{},"tags":[]},{"ancestorTitles":["Phase 3 command contract and objective eligibility"],"fullName":"Phase 3 command contract and objective eligibility requires an explicit sprint command and a sprint point in that phase","status":"passed","title":"requires an explicit sprint command and a sprint point in that phase","duration":1.8251000000000204,"failureMessages":[],"meta":{},"tags":[]},{"ancestorTitles":["Phase 3 command contract and objective eligibility"],"fullName":"Phase 3 command contract and objective eligibility requires an explicit KOM command and a KOM point in that phase","status":"passed","title":"requires an explicit KOM command and a KOM point in that phase","duration":1.8932999999999538,"failureMessages":[],"meta":{},"tags":[]},{"ancestorTitles":["Phase 3 command contract and objective eligibility"],"fullName":"Phase 3 command contract and objective eligibility blocks all deliberate objective contests for unavailable riders","status":"passed","title":"blocks all deliberate objective contests for unavailable riders","duration":0.9885999999999058,"failureMessages":[],"meta":{},"tags":[]},{"ancestorTitles":["Phase 3 command contract and objective eligibility"],"fullName":"Phase 3 command contract and objective eligibility keeps road command resolution inactive for non-road formats","status":"passed","title":"keeps road command resolution inactive for non-road formats","duration":0.5218999999999596,"failureMessages":[],"meta":{},"tags":[]},{"ancestorTitles":["Phase 3 command contract and objective eligibility"],"fullName":"Phase 3 command contract and objective eligibility returns identical command resolution for identical inputs","status":"passed","title":"returns identical command resolution for identical inputs","duration":2.153799999999819,"failureMessages":[],"meta":{},"tags":[]},{"ancestorTitles":["Phase 3 Race Phase 1 opening resolution"],"fullName":"Phase 3 Race Phase 1 opening resolution reproduces the production MD5 deterministic unit roll","status":"passed","title":"reproduces the production MD5 deterministic unit roll","duration":0.191899999999805,"failureMessages":[],"meta":{},"tags":[]},{"ancestorTitles":["Phase 3 Race Phase 1 opening resolution"],"fullName":"Phase 3 Race Phase 1 opening resolution resolves the complete opening phase from zero to twenty-five percent","status":"passed","title":"resolves the complete opening phase from zero to twenty-five percent","duration":1.2700999999999567,"failureMessages":[],"meta":{},"tags":[]},{"ancestorTitles":["Phase 3 Race Phase 1 opening resolution"],"fullName":"Phase 3 Race Phase 1 opening resolution blocks a join-only opening because an eligible attack must launch the move","status":"passed","title":"blocks a join-only opening because an eligible attack must launch the move","duration":0.9728000000000065,"failureMessages":[],"meta":{},"tags":[]},{"ancestorTitles":["Phase 3 Race Phase 1 opening resolution"],"fullName":"Phase 3 Race Phase 1 opening resolution creates a deterministic opening breakaway from a successful explicit attack","status":"passed","title":"creates a deterministic opening breakaway from a successful explicit attack","duration":1.761299999999892,"failureMessages":[],"meta":{},"tags":[]},{"ancestorTitles":["Phase 3 Race Phase 1 opening resolution"],"fullName":"Phase 3 Race Phase 1 opening resolution selects attack commands before joiners and enforces the deterministic wave cap","status":"passed","title":"selects attack commands before joiners and enforces the deterministic wave cap","duration":4.152300000000196,"failureMessages":[],"meta":{},"tags":[]},{"ancestorTitles":["Phase 3 Race Phase 1 opening resolution"],"fullName":"Phase 3 Race Phase 1 opening resolution charges attack launch energy in addition to normal opening energy","status":"passed","title":"charges attack launch energy in addition to normal opening energy","duration":1.424600000000055,"failureMessages":[],"meta":{},"tags":[]},{"ancestorTitles":["Phase 3 Race Phase 1 opening resolution"],"fullName":"Phase 3 Race Phase 1 opening resolution makes conserve-energy visibly cheaper than an active opening command","status":"passed","title":"makes conserve-energy visibly cheaper than an active opening command","duration":1.046199999999999,"failureMessages":[],"meta":{},"tags":[]},{"ancestorTitles":["Phase 3 Race Phase 1 opening resolution"],"fullName":"Phase 3 Race Phase 1 opening resolution keeps riders with failed or unselected attempts in the peloton","status":"passed","title":"keeps riders with failed or unselected attempts in the peloton","duration":1.1852999999998701,"failureMessages":[],"meta":{},"tags":[]},{"ancestorTitles":["Phase 3 Race Phase 1 opening resolution"],"fullName":"Phase 3 Race Phase 1 opening resolution keeps Phase 1 resolution inactive for non-road stages","status":"passed","title":"keeps Phase 1 resolution inactive for non-road stages","duration":0.4288000000001375,"failureMessages":[],"meta":{},"tags":[]},{"ancestorTitles":["Phase 3 Race Phase 1 opening resolution"],"fullName":"Phase 3 Race Phase 1 opening resolution returns identical opening groups, gaps, attempts, and energy for identical inputs","status":"passed","title":"returns identical opening groups, gaps, attempts, and energy for identical inputs","duration":1.9131999999999607,"failureMessages":[],"meta":{},"tags":[]},{"ancestorTitles":["Phase 3 Race Phase 1 opening resolution"],"fullName":"Phase 3 Race Phase 1 opening resolution does not create a separate opening, attack, breakaway, or energy engine","status":"passed","title":"does not create a separate opening, attack, breakaway, or energy engine","duration":1.6879999999998745,"failureMessages":[],"meta":{},"tags":[]},{"ancestorTitles":["Phase 3 Race Phase 2 development resolution"],"fullName":"Phase 3 Race Phase 2 development resolution resolves Race Phase 2 from twenty-five to fifty percent","status":"passed","title":"resolves Race Phase 2 from twenty-five to fifty percent","duration":1.2635000000000218,"failureMessages":[],"meta":{},"tags":[]},{"ancestorTitles":["Phase 3 Race Phase 2 development resolution"],"fullName":"Phase 3 Race Phase 2 development resolution calculates deterministic breakaway cooperation from the actual escape riders","status":"passed","title":"calculates deterministic breakaway cooperation from the actual escape riders","duration":0.98700000000008,"failureMessages":[],"meta":{},"tags":[]},{"ancestorTitles":["Phase 3 Race Phase 2 development resolution"],"fullName":"Phase 3 Race Phase 2 development resolution makes explicit chase and control commands increase peloton chase resources","status":"passed","title":"makes explicit chase and control commands increase peloton chase resources","duration":3.176400000000058,"failureMessages":[],"meta":{},"tags":[]},{"ancestorTitles":["Phase 3 Race Phase 2 development resolution"],"fullName":"Phase 3 Race Phase 2 development resolution creates measurable leader-protection work and assigns it to the team leader","status":"passed","title":"creates measurable leader-protection work and assigns it to the team leader","duration":1.3110999999998967,"failureMessages":[],"meta":{},"tags":[]},{"ancestorTitles":["Phase 3 Race Phase 2 development resolution"],"fullName":"Phase 3 Race Phase 2 development resolution uses the immutable pre-stage leader snapshot for protect-jersey","status":"passed","title":"uses the immutable pre-stage leader snapshot for protect-jersey","duration":1.2842000000000553,"failureMessages":[],"meta":{},"tags":[]},{"ancestorTitles":["Phase 3 Race Phase 2 development resolution"],"fullName":"Phase 3 Race Phase 2 development resolution does not invent a jersey-protection target when no jersey owner exists","status":"passed","title":"does not invent a jersey-protection target when no jersey owner exists","duration":1.0503000000001066,"failureMessages":[],"meta":{},"tags":[]},{"ancestorTitles":["Phase 3 Race Phase 2 development resolution"],"fullName":"Phase 3 Race Phase 2 development resolution resolves an intermediate sprint only for explicit eligible contestants","status":"passed","title":"resolves an intermediate sprint only for explicit eligible contestants","duration":1.580900000000156,"failureMessages":[],"meta":{},"tags":[]},{"ancestorTitles":["Phase 3 Race Phase 2 development resolution"],"fullName":"Phase 3 Race Phase 2 development resolution keeps a Phase 2 sprint unopposed when no rider has the explicit contest command","status":"passed","title":"keeps a Phase 2 sprint unopposed when no rider has the explicit contest command","duration":1.1316999999999098,"failureMessages":[],"meta":{},"tags":[]},{"ancestorTitles":["Phase 3 Race Phase 2 development resolution"],"fullName":"Phase 3 Race Phase 2 development resolution uses the production KOM score weights for an eligible Phase 2 KOM contest","status":"passed","title":"uses the production KOM score weights for an eligible Phase 2 KOM contest","duration":2.089999999999918,"failureMessages":[],"meta":{},"tags":[]},{"ancestorTitles":["Phase 3 Race Phase 2 development resolution"],"fullName":"Phase 3 Race Phase 2 development resolution assigns stage objectives to their actual phase instead of resolving them early","status":"passed","title":"assigns stage objectives to their actual phase instead of resolving them early","duration":1.4845000000000255,"failureMessages":[],"meta":{},"tags":[]},{"ancestorTitles":["Phase 3 Race Phase 2 development resolution"],"fullName":"Phase 3 Race Phase 2 development resolution returns identical Phase 2 gaps, support, battles, groups, and energy for identical inputs","status":"passed","title":"returns identical Phase 2 gaps, support, battles, groups, and energy for identical inputs","duration":2.5137999999999465,"failureMessages":[],"meta":{},"tags":[]},{"ancestorTitles":["Phase 3 Race Phase 2 development resolution"],"fullName":"Phase 3 Race Phase 2 development resolution keeps Phase 2 inactive for non-road formats","status":"passed","title":"keeps Phase 2 inactive for non-road formats","duration":0.4614999999998872,"failureMessages":[],"meta":{},"tags":[]},{"ancestorTitles":["Phase 3 Race Phase 2 development resolution"],"fullName":"Phase 3 Race Phase 2 development resolution makes stronger breakaway teamwork produce a stronger Phase 2 escape pace","status":"passed","title":"makes stronger breakaway teamwork produce a stronger Phase 2 escape pace","duration":2.8070999999999913,"failureMessages":[],"meta":{},"tags":[]},{"ancestorTitles":["Phase 3 Race Phase 2 development resolution"],"fullName":"Phase 3 Race Phase 2 development resolution resolves support-leader and work-for-team into measurable team support","status":"passed","title":"resolves support-leader and work-for-team into measurable team support","duration":1.2695000000001073,"failureMessages":[],"meta":{},"tags":[]},{"ancestorTitles":["Phase 3 Race Phase 2 development resolution"],"fullName":"Phase 3 Race Phase 2 development resolution does not create separate cooperation, control, support, sprint, or KOM engines","status":"passed","title":"does not create separate cooperation, control, support, sprint, or KOM engines","duration":1.9428000000000338,"failureMessages":[],"meta":{},"tags":[]},{"ancestorTitles":["Phase 3 Race Phase 3 decisive-section resolution"],"fullName":"Phase 3 Race Phase 3 decisive-section resolution resolves the decisive section from fifty to seventy percent","status":"passed","title":"resolves the decisive section from fifty to seventy percent","duration":1.9131999999999607,"failureMessages":[],"meta":{},"tags":[]},{"ancestorTitles":["Phase 3 Race Phase 3 decisive-section resolution"],"fullName":"Phase 3 Race Phase 3 decisive-section resolution selects the strongest terrain segment inside the decisive section","status":"passed","title":"selects the strongest terrain segment inside the decisive section","duration":1.2939000000001215,"failureMessages":[],"meta":{},"tags":[]},{"ancestorTitles":["Phase 3 Race Phase 3 decisive-section resolution"],"fullName":"Phase 3 Race Phase 3 decisive-section resolution creates decisive attack attempts only for explicit Phase 3 attack commands","status":"passed","title":"creates decisive attack attempts only for explicit Phase 3 attack commands","duration":1.4278999999999087,"failureMessages":[],"meta":{},"tags":[]},{"ancestorTitles":["Phase 3 Race Phase 3 decisive-section resolution"],"fullName":"Phase 3 Race Phase 3 decisive-section resolution uses skills, readiness, live energy and terrain to create deterministic selection groups","status":"passed","title":"uses skills, readiness, live energy and terrain to create deterministic selection groups","duration":1.6604999999999563,"failureMessages":[],"meta":{},"tags":[]},{"ancestorTitles":["Phase 3 Race Phase 3 decisive-section resolution"],"fullName":"Phase 3 Race Phase 3 decisive-section resolution marks a severely fatigued dropped rider as energy depleted","status":"passed","title":"marks a severely fatigued dropped rider as energy depleted","duration":2.2282000000000153,"failureMessages":[],"meta":{},"tags":[]},{"ancestorTitles":["Phase 3 Race Phase 3 decisive-section resolution"],"fullName":"Phase 3 Race Phase 3 decisive-section resolution keeps riders in front, main, chasing or dropped groups with ordered gaps","status":"passed","title":"keeps riders in front, main, chasing or dropped groups with ordered gaps","duration":2.133000000000038,"failureMessages":[],"meta":{},"tags":[]},{"ancestorTitles":["Phase 3 Race Phase 3 decisive-section resolution"],"fullName":"Phase 3 Race Phase 3 decisive-section resolution resolves a Phase 3 KOM only for the explicit eligible contestant","status":"passed","title":"resolves a Phase 3 KOM only for the explicit eligible contestant","duration":1.5372999999999593,"failureMessages":[],"meta":{},"tags":[]},{"ancestorTitles":["Phase 3 Race Phase 3 decisive-section resolution"],"fullName":"Phase 3 Race Phase 3 decisive-section resolution does not let a strong climber contest a Phase 3 KOM without the saved command","status":"passed","title":"does not let a strong climber contest a Phase 3 KOM without the saved command","duration":1.3031000000000859,"failureMessages":[],"meta":{},"tags":[]},{"ancestorTitles":["Phase 3 Race Phase 3 decisive-section resolution"],"fullName":"Phase 3 Race Phase 3 decisive-section resolution returns identical terrain, attacks, groups, gaps and eligibility for identical inputs","status":"passed","title":"returns identical terrain, attacks, groups, gaps and eligibility for identical inputs","duration":2.2053000000000793,"failureMessages":[],"meta":{},"tags":[]},{"ancestorTitles":["Phase 3 Race Phase 3 decisive-section resolution"],"fullName":"Phase 3 Race Phase 3 decisive-section resolution keeps the decisive road section inactive for non-road formats","status":"passed","title":"keeps the decisive road section inactive for non-road formats","duration":0.5079000000000633,"failureMessages":[],"meta":{},"tags":[]},{"ancestorTitles":["Phase 3 Race Phase 3 decisive-section resolution"],"fullName":"Phase 3 Race Phase 3 decisive-section resolution does not create a separate decisive, terrain-selection, dropping, or group engine","status":"passed","title":"does not create a separate decisive, terrain-selection, dropping, or group engine","duration":2.2883999999999105,"failureMessages":[],"meta":{},"tags":[]},{"ancestorTitles":["Phase 3 Race Phase 4 chase and finish resolution"],"fullName":"Phase 3 Race Phase 4 chase and finish resolution starts the first chase step from the exact inherited Phase 3 peloton gap","status":"passed","title":"starts the first chase step from the exact inherited Phase 3 peloton gap","duration":1.6457000000000335,"failureMessages":[],"meta":{},"tags":[]},{"ancestorTitles":["Phase 3 Race Phase 4 chase and finish resolution"],"fullName":"Phase 3 Race Phase 4 chase and finish resolution does not mark the opening breakaway caught above the merge tolerance","status":"passed","title":"does not mark the opening breakaway caught above the merge tolerance","duration":1.2205000000001291,"failureMessages":[],"meta":{},"tags":[]},{"ancestorTitles":["Phase 3 Race Phase 4 chase and finish resolution"],"fullName":"Phase 3 Race Phase 4 chase and finish resolution creates no more than one physical catch-threshold crossing","status":"passed","title":"creates no more than one physical catch-threshold crossing","duration":1.2033000000001266,"failureMessages":[],"meta":{},"tags":[]},{"ancestorTitles":["Phase 3 Race Phase 4 chase and finish resolution"],"fullName":"Phase 3 Race Phase 4 chase and finish resolution keeps the opening-breakaway gap permanently closed after catch","status":"passed","title":"keeps the opening-breakaway gap permanently closed after catch","duration":1.1438000000000557,"failureMessages":[],"meta":{},"tags":[]},{"ancestorTitles":["Phase 3 Race Phase 4 chase and finish resolution"],"fullName":"Phase 3 Race Phase 4 chase and finish resolution starts a flat-stage chase no later than 70 percent for a gap of at least four minutes","status":"passed","title":"starts a flat-stage chase no later than 70 percent for a gap of at least four minutes","duration":1.1299999999998818,"failureMessages":[],"meta":{},"tags":[]},{"ancestorTitles":["Phase 3 Race Phase 4 chase and finish resolution"],"fullName":"Phase 3 Race Phase 4 chase and finish resolution resolves Race Phase 4 from seventy percent to the finish","status":"passed","title":"resolves Race Phase 4 from seventy percent to the finish","duration":1.7864999999999327,"failureMessages":[],"meta":{},"tags":[]},{"ancestorTitles":["Phase 3 Race Phase 4 chase and finish resolution"],"fullName":"Phase 3 Race Phase 4 chase and finish resolution automatically increases peloton activity after the dynamic chase threshold without requiring an explicit chase","status":"passed","title":"automatically increases peloton activity after the dynamic chase threshold without requiring an explicit chase","duration":1.7573999999999614,"failureMessages":[],"meta":{},"tags":[]},{"ancestorTitles":["Phase 3 Race Phase 4 chase and finish resolution"],"fullName":"Phase 3 Race Phase 4 chase and finish resolution uses explicit chase commands to increase chasing-team strength and late pace","status":"passed","title":"uses explicit chase commands to increase chasing-team strength and late pace","duration":2.4188000000001466,"failureMessages":[],"meta":{},"tags":[]},{"ancestorTitles":["Phase 3 Race Phase 4 chase and finish resolution"],"fullName":"Phase 3 Race Phase 4 chase and finish resolution deterministically decides whether the leading group survives or is caught","status":"passed","title":"deterministically decides whether the leading group survives or is caught","duration":1.1452999999999065,"failureMessages":[],"meta":{},"tags":[]},{"ancestorTitles":["Phase 3 Race Phase 4 chase and finish resolution"],"fullName":"Phase 3 Race Phase 4 chase and finish resolution creates final rider groups with ordered gaps and one winning group","status":"passed","title":"creates final rider groups with ordered gaps and one winning group","duration":1.1735000000001037,"failureMessages":[],"meta":{},"tags":[]},{"ancestorTitles":["Phase 3 Race Phase 4 chase and finish resolution"],"fullName":"Phase 3 Race Phase 4 chase and finish resolution uses the production flat sprint score and makes sprint preparation and lead-out visible","status":"passed","title":"uses the production flat sprint score and makes sprint preparation and lead-out visible","duration":1.7777999999998428,"failureMessages":[],"meta":{},"tags":[]},{"ancestorTitles":["Phase 3 Race Phase 4 chase and finish resolution"],"fullName":"Phase 3 Race Phase 4 chase and finish resolution resolves the correct uphill_finish road finish model","status":"passed","title":"resolves the correct uphill_finish road finish model","duration":0.9649999999999181,"failureMessages":[],"meta":{},"tags":[]},{"ancestorTitles":["Phase 3 Race Phase 4 chase and finish resolution"],"fullName":"Phase 3 Race Phase 4 chase and finish resolution resolves the correct summit_finish road finish model","status":"passed","title":"resolves the correct summit_finish road finish model","duration":0.9185999999999694,"failureMessages":[],"meta":{},"tags":[]},{"ancestorTitles":["Phase 3 Race Phase 4 chase and finish resolution"],"fullName":"Phase 3 Race Phase 4 chase and finish resolution resolves the correct cobbled_finish road finish model","status":"passed","title":"resolves the correct cobbled_finish road finish model","duration":0.7845999999999549,"failureMessages":[],"meta":{},"tags":[]},{"ancestorTitles":["Phase 3 Race Phase 4 chase and finish resolution"],"fullName":"Phase 3 Race Phase 4 chase and finish resolution awards configured finish points and bonuses in deterministic finish order","status":"passed","title":"awards configured finish points and bonuses in deterministic finish order","duration":2.590599999999995,"failureMessages":[],"meta":{},"tags":[]},{"ancestorTitles":["Phase 3 Race Phase 4 chase and finish resolution"],"fullName":"Phase 3 Race Phase 4 chase and finish resolution keeps Phase 4 inactive for non-road formats","status":"passed","title":"keeps Phase 4 inactive for non-road formats","duration":0.4881000000000313,"failureMessages":[],"meta":{},"tags":[]},{"ancestorTitles":["Phase 3 Race Phase 4 chase and finish resolution"],"fullName":"Phase 3 Race Phase 4 chase and finish resolution does not create separate chase, breakaway-survival, group, or finish engines","status":"passed","title":"does not create separate chase, breakaway-survival, group, or finish engines","duration":2.080500000000029,"failureMessages":[],"meta":{},"tags":[]},{"ancestorTitles":["Phase 3 final command safeguards and four-phase verification"],"fullName":"Phase 3 final command safeguards and four-phase verification publishes the final command-conflict and ineligibility safeguards","status":"passed","title":"publishes the final command-conflict and ineligibility safeguards","duration":1.2278999999998632,"failureMessages":[],"meta":{},"tags":[]},{"ancestorTitles":["Phase 3 final command safeguards and four-phase verification"],"fullName":"Phase 3 final command safeguards and four-phase verification uses exactly one scalar command per phase and rejects conflicting command collections","status":"passed","title":"uses exactly one scalar command per phase and rejects conflicting command collections","duration":0.4151000000001659,"failureMessages":[],"meta":{},"tags":[]},{"ancestorTitles":["Phase 3 final command safeguards and four-phase verification"],"fullName":"Phase 3 final command safeguards and four-phase verification resolves explicit commands ahead of conflicting role and team fallbacks","status":"passed","title":"resolves explicit commands ahead of conflicting role and team fallbacks","duration":1.1870000000001255,"failureMessages":[],"meta":{},"tags":[]},{"ancestorTitles":["Phase 3 final command safeguards and four-phase verification"],"fullName":"Phase 3 final command safeguards and four-phase verification suppresses unmatched objective commands and invalid support commands","status":"passed","title":"suppresses unmatched objective commands and invalid support commands","duration":2.5653000000002066,"failureMessages":[],"meta":{},"tags":[]},{"ancestorTitles":["Phase 3 final command safeguards and four-phase verification"],"fullName":"Phase 3 final command safeguards and four-phase verification blocks unavailable riders from creating attack attempts or race actions","status":"passed","title":"blocks unavailable riders from creating attack attempts or race actions","duration":1.5746999999998934,"failureMessages":[],"meta":{},"tags":[]},{"ancestorTitles":["Phase 3 final command safeguards and four-phase verification"],"fullName":"Phase 3 final command safeguards and four-phase verification makes saved commands visibly change behaviour, energy, groups, gaps, and outcomes versus a neutral plan","status":"passed","title":"makes saved commands visibly change behaviour, energy, groups, gaps, and outcomes versus a neutral plan","duration":2.1026999999999134,"failureMessages":[],"meta":{},"tags":[]},{"ancestorTitles":["Phase 3 final command safeguards and four-phase verification"],"fullName":"Phase 3 final command safeguards and four-phase verification produces exactly identical command and phase results for identical complete inputs","status":"passed","title":"produces exactly identical command and phase results for identical complete inputs","duration":3.8718999999998687,"failureMessages":[],"meta":{},"tags":[]},{"ancestorTitles":["Phase 3 final command safeguards and four-phase verification"],"fullName":"Phase 3 final command safeguards and four-phase verification keeps all four phases inside the one authoritative universal engine","status":"passed","title":"keeps all four phases inside the one authoritative universal engine","duration":3.580600000000004,"failureMessages":[],"meta":{},"tags":[]},{"ancestorTitles":["Phase 4 Task 4.1 intermediate-point catalogue and eligibility plan"],"fullName":"Phase 4 Task 4.1 intermediate-point catalogue and eligibility plan reads every configured sprint and KOM point in route order and excludes start and finish","status":"passed","title":"reads every configured sprint and KOM point in route order and excludes start and finish","duration":1.8751999999999498,"failureMessages":[],"meta":{},"tags":[]},{"ancestorTitles":["Phase 4 Task 4.1 intermediate-point catalogue and eligibility plan"],"fullName":"Phase 4 Task 4.1 intermediate-point catalogue and eligibility plan preserves the exact configured points and time-bonus schemes from the stage profile","status":"passed","title":"preserves the exact configured points and time-bonus schemes from the stage profile","duration":1.6235000000001492,"failureMessages":[],"meta":{},"tags":[]},{"ancestorTitles":["Phase 4 Task 4.1 intermediate-point catalogue and eligibility plan"],"fullName":"Phase 4 Task 4.1 intermediate-point catalogue and eligibility plan selects explicit sprint and KOM contestants in the phase where each point occurs","status":"passed","title":"selects explicit sprint and KOM contestants in the phase where each point occurs","duration":1.5778000000000247,"failureMessages":[],"meta":{},"tags":[]},{"ancestorTitles":["Phase 4 Task 4.1 intermediate-point catalogue and eligibility plan"],"fullName":"Phase 4 Task 4.1 intermediate-point catalogue and eligibility plan allows a sprint-control team to nominate a suitably positioned sprinter without using skill alone","status":"passed","title":"allows a sprint-control team to nominate a suitably positioned sprinter without using skill alone","duration":1.2212000000001808,"failureMessages":[],"meta":{},"tags":[]},{"ancestorTitles":["Phase 4 Task 4.1 intermediate-point catalogue and eligibility plan"],"fullName":"Phase 4 Task 4.1 intermediate-point catalogue and eligibility plan does not enter a strong rider when neither command, team objective nor race position authorizes the battle","status":"passed","title":"does not enter a strong rider when neither command, team objective nor race position authorizes the battle","duration":0.8998000000001412,"failureMessages":[],"meta":{},"tags":[]},{"ancestorTitles":["Phase 4 Task 4.1 intermediate-point catalogue and eligibility plan"],"fullName":"Phase 4 Task 4.1 intermediate-point catalogue and eligibility plan returns the identical intermediate-point plan for identical complete race inputs","status":"passed","title":"returns the identical intermediate-point plan for identical complete race inputs","duration":1.5942999999999756,"failureMessages":[],"meta":{},"tags":[]},{"ancestorTitles":["Phase 4 Task 4.1 intermediate-point catalogue and eligibility plan"],"fullName":"Phase 4 Task 4.1 intermediate-point catalogue and eligibility plan keeps the intermediate-point plan inactive for non-road formats","status":"passed","title":"keeps the intermediate-point plan inactive for non-road formats","duration":0.6614999999999327,"failureMessages":[],"meta":{},"tags":[]},{"ancestorTitles":["Phase 4 deterministic intermediate-point battles — items 4–6"],"fullName":"Phase 4 deterministic intermediate-point battles — items 4–6 resolves every eligible sprint and KOM contestant into a deterministic complete ranking","status":"passed","title":"resolves every eligible sprint and KOM contestant into a deterministic complete ranking","duration":2.22829999999999,"failureMessages":[],"meta":{},"tags":[]},{"ancestorTitles":["Phase 4 deterministic intermediate-point battles — items 4–6"],"fullName":"Phase 4 deterministic intermediate-point battles — items 4–6 awards every configured place from the deterministic crossing order when nobody deliberately contests","status":"passed","title":"awards every configured place from the deterministic crossing order when nobody deliberately contests","duration":1.613800000000083,"failureMessages":[],"meta":{},"tags":[]},{"ancestorTitles":["Phase 4 deterministic intermediate-point battles — items 4–6"],"fullName":"Phase 4 deterministic intermediate-point battles — items 4–6 uses readiness, race position, team support, energy spent, commitment and bounded seeded variation","status":"passed","title":"uses readiness, race position, team support, energy spent, commitment and bounded seeded variation","duration":1.847400000000107,"failureMessages":[],"meta":{},"tags":[]},{"ancestorTitles":["Phase 4 deterministic intermediate-point battles — items 4–6"],"fullName":"Phase 4 deterministic intermediate-point battles — items 4–6 makes harder KOM categories increase the importance of climbing skill","status":"passed","title":"makes harder KOM categories increase the importance of climbing skill","duration":2.861599999999953,"failureMessages":[],"meta":{},"tags":[]},{"ancestorTitles":["Phase 4 deterministic intermediate-point battles — items 4–6"],"fullName":"Phase 4 deterministic intermediate-point battles — items 4–6 awards the exact configured points and time bonuses without inventing extra values","status":"passed","title":"awards the exact configured points and time bonuses without inventing extra values","duration":1.5018999999999778,"failureMessages":[],"meta":{},"tags":[]},{"ancestorTitles":["Phase 4 deterministic intermediate-point battles — items 4–6"],"fullName":"Phase 4 deterministic intermediate-point battles — items 4–6 keeps authoritative point battles inactive for non-road formats","status":"passed","title":"keeps authoritative point battles inactive for non-road formats","duration":0.6070999999999458,"failureMessages":[],"meta":{},"tags":[]},{"ancestorTitles":["Phase 4 final point-battle synchronization — items 7–10"],"fullName":"Phase 4 final point-battle synchronization — items 7–10 applies one energy and fatigue cost record per point and rider without duplicates","status":"passed","title":"applies one energy and fatigue cost record per point and rider without duplicates","duration":1.9377999999999247,"failureMessages":[],"meta":{},"tags":[]},{"ancestorTitles":["Phase 4 final point-battle synchronization — items 7–10"],"fullName":"Phase 4 final point-battle synchronization — items 7–10 marks phase 2 or 3 objective costs as already represented instead of applying them twice","status":"passed","title":"marks phase 2 or 3 objective costs as already represented instead of applying them twice","duration":1.7761000000000422,"failureMessages":[],"meta":{},"tags":[]},{"ancestorTitles":["Phase 4 final point-battle synchronization — items 7–10"],"fullName":"Phase 4 final point-battle synchronization — items 7–10 creates exactly one synchronized replay event and commentary entry for every configured point","status":"passed","title":"creates exactly one synchronized replay event and commentary entry for every configured point","duration":1.8015000000000327,"failureMessages":[],"meta":{},"tags":[]},{"ancestorTitles":["Phase 4 final point-battle synchronization — items 7–10"],"fullName":"Phase 4 final point-battle synchronization — items 7–10 maintains one cumulative duplicate-safe point ledger using only configured awards","status":"passed","title":"maintains one cumulative duplicate-safe point ledger using only configured awards","duration":1.8322000000000571,"failureMessages":[],"meta":{},"tags":[]},{"ancestorTitles":["Phase 4 final point-battle synchronization — items 7–10"],"fullName":"Phase 4 final point-battle synchronization — items 7–10 finalizes every configured point in route order for a complete stage and remains deterministic","status":"passed","title":"finalizes every configured point in route order for a complete stage and remains deterministic","duration":3.8165999999998803,"failureMessages":[],"meta":{},"tags":[]},{"ancestorTitles":["Phase 4 final point-battle synchronization — items 7–10"],"fullName":"Phase 4 final point-battle synchronization — items 7–10 keeps final point replay generation inside the authoritative universal engine file","status":"passed","title":"keeps final point replay generation inside the authoritative universal engine file","duration":1.6864000000000487,"failureMessages":[],"meta":{},"tags":[]},{"ancestorTitles":["Phase 4 final point-battle synchronization — items 7–10"],"fullName":"Phase 4 final point-battle synchronization — items 7–10 keeps point finalization inactive and empty for non-road formats","status":"passed","title":"keeps point finalization inactive and empty for non-road formats","duration":0.4798000000000684,"failureMessages":[],"meta":{},"tags":[]},{"ancestorTitles":["Phase 5 deterministic groups, selection, gaps, and official times"],"fullName":"Phase 5 deterministic groups, selection, gaps, and official times returns one complete deterministic road grouping and timing contract","status":"passed","title":"returns one complete deterministic road grouping and timing contract","duration":7.121399999999994,"failureMessages":[],"meta":{},"tags":[]},{"ancestorTitles":["Phase 5 deterministic groups, selection, gaps, and official times"],"fullName":"Phase 5 deterministic groups, selection, gaps, and official times keeps same-group riders on the same official road time","status":"passed","title":"keeps same-group riders on the same official road time","duration":3.3233999999999924,"failureMessages":[],"meta":{},"tags":[]},{"ancestorTitles":["Phase 5 deterministic groups, selection, gaps, and official times"],"fullName":"Phase 5 deterministic groups, selection, gaps, and official times uses wider flat bands and larger mountain selection gaps","status":"passed","title":"uses wider flat bands and larger mountain selection gaps","duration":9.614100000000008,"failureMessages":[],"meta":{},"tags":[]},{"ancestorTitles":["Phase 5 deterministic groups, selection, gaps, and official times"],"fullName":"Phase 5 deterministic groups, selection, gaps, and official times caps every road gap and keeps group ordering monotonic","status":"passed","title":"caps every road gap and keeps group ordering monotonic","duration":4.9068999999999505,"failureMessages":[],"meta":{},"tags":[]},{"ancestorTitles":["Phase 5 deterministic groups, selection, gaps, and official times"],"fullName":"Phase 5 deterministic groups, selection, gaps, and official times returns deterministic individual timing units for ITT and prologue","status":"passed","title":"returns deterministic individual timing units for ITT and prologue","duration":0.9489999999998417,"failureMessages":[],"meta":{},"tags":[]},{"ancestorTitles":["Phase 5 deterministic groups, selection, gaps, and official times"],"fullName":"Phase 5 deterministic groups, selection, gaps, and official times uses one shared official team time for TTT and pair time trial","status":"passed","title":"uses one shared official team time for TTT and pair time trial","duration":1.2525000000000546,"failureMessages":[],"meta":{},"tags":[]},{"ancestorTitles":["Phase 5 deterministic groups, selection, gaps, and official times"],"fullName":"Phase 5 deterministic groups, selection, gaps, and official times merges adjacent groups at four and five seconds but not at six seconds","status":"passed","title":"merges adjacent groups at four and five seconds but not at six seconds","duration":0.4353000000000975,"failureMessages":[],"meta":{},"tags":[]},{"ancestorTitles":["Phase 5 deterministic groups, selection, gaps, and official times"],"fullName":"Phase 5 deterministic groups, selection, gaps, and official times repeats adjacent merging until no mergeable road groups remain","status":"passed","title":"repeats adjacent merging until no mergeable road groups remain","duration":0.34999999999990905,"failureMessages":[],"meta":{},"tags":[]},{"ancestorTitles":["Phase 5 deterministic groups, selection, gaps, and official times"],"fullName":"Phase 5 deterministic groups, selection, gaps, and official times uses one authoritative group gap and official time for every road rider","status":"passed","title":"uses one authoritative group gap and official time for every road rider","duration":3.7408000000000357,"failureMessages":[],"meta":{},"tags":[]},{"ancestorTitles":["Phase 5 deterministic groups, selection, gaps, and official times"],"fullName":"Phase 5 deterministic groups, selection, gaps, and official times keeps physical rider order monotonic by group gap","status":"passed","title":"keeps physical rider order monotonic by group gap","duration":6.3596,"failureMessages":[],"meta":{},"tags":[]},{"ancestorTitles":["Phase 5 deterministic groups, selection, gaps, and official times"],"fullName":"Phase 5 deterministic groups, selection, gaps, and official times never leaves adjacent final groups within the five-second merge tolerance","status":"passed","title":"never leaves adjacent final groups within the five-second merge tolerance","duration":4.050399999999854,"failureMessages":[],"meta":{},"tags":[]},{"ancestorTitles":["Phase 5 deterministic groups, selection, gaps, and official times"],"fullName":"Phase 5 deterministic groups, selection, gaps, and official t
[...]
ed","title":"keeps deterministic variation bounded to three quarters of a point","duration":2.9161999999998898,"failureMessages":[],"meta":{},"tags":[]},{"ancestorTitles":["Phase 6 summit finish resolution"],"fullName":"Phase 6 summit finish resolution never lets a later physical group overtake the summit front group","status":"passed","title":"never lets a later physical group overtake the summit front group","duration":3.4549999999999272,"failureMessages":[],"meta":{},"tags":[]},{"ancestorTitles":["Phase 6 cobbled finish resolution"],"fullName":"Phase 6 cobbled finish resolution returns one complete deterministic classification for a cobbled finish","status":"passed","title":"returns one complete deterministic classification for a cobbled finish","duration":8.298900000000003,"failureMessages":[],"meta":{},"tags":[]},{"ancestorTitles":["Phase 6 cobbled finish resolution"],"fullName":"Phase 6 cobbled finish resolution preserves every Phase 5 physical group, official time and gap","status":"passed","title":"preserves every Phase 5 physical group, official time and gap","duration":6.3146999999999025,"failureMessages":[],"meta":{},"tags":[]},{"ancestorTitles":["Phase 6 cobbled finish resolution"],"fullName":"Phase 6 cobbled finish resolution combines flat skill, resistance, endurance and sprint ability","status":"passed","title":"combines flat skill, resistance, endurance and sprint ability","duration":6.020899999999983,"failureMessages":[],"meta":{},"tags":[]},{"ancestorTitles":["Phase 6 cobbled finish resolution"],"fullName":"Phase 6 cobbled finish resolution rewards remaining freshness and applies only a small direct fatigue penalty","status":"passed","title":"rewards remaining freshness and applies only a small direct fatigue penalty","duration":2.806899999999814,"failureMessages":[],"meta":{},"tags":[]},{"ancestorTitles":["Phase 6 cobbled finish resolution"],"fullName":"Phase 6 cobbled finish resolution rewards aggressive cobbled positioning commands and penalizes risk avoidance","status":"passed","title":"rewards aggressive cobbled positioning commands and penalizes risk avoidance","duration":2.8997000000001663,"failureMessages":[],"meta":{},"tags":[]},{"ancestorTitles":["Phase 6 cobbled finish resolution"],"fullName":"Phase 6 cobbled finish resolution uses current group position and existing support without changing physical time","status":"passed","title":"uses current group position and existing support without changing physical time","duration":2.5489000000000033,"failureMessages":[],"meta":{},"tags":[]},{"ancestorTitles":["Phase 6 cobbled finish resolution"],"fullName":"Phase 6 cobbled finish resolution keeps deterministic variation bounded to one point","status":"passed","title":"keeps deterministic variation bounded to one point","duration":3.39870000000019,"failureMessages":[],"meta":{},"tags":[]},{"ancestorTitles":["Phase 6 cobbled finish resolution"],"fullName":"Phase 6 cobbled finish resolution never lets a later physical group overtake the cobbled front group","status":"passed","title":"never lets a later physical group overtake the cobbled front group","duration":4.600500000000011,"failureMessages":[],"meta":{},"tags":[]},{"ancestorTitles":["Phase 6 individual time trial finish resolution"],"fullName":"Phase 6 individual time trial finish resolution returns one complete deterministic classification with independent rider times","status":"passed","title":"returns one complete deterministic classification with independent rider times","duration":4.605600000000095,"failureMessages":[],"meta":{},"tags":[]},{"ancestorTitles":["Phase 6 individual time trial finish resolution"],"fullName":"Phase 6 individual time trial finish resolution does not mutate the accepted Phase 5 timing result while publishing Phase 6 times","status":"passed","title":"does not mutate the accepted Phase 5 timing result while publishing Phase 6 times","duration":2.3039000000001124,"failureMessages":[],"meta":{},"tags":[]},{"ancestorTitles":["Phase 6 individual time trial finish resolution"],"fullName":"Phase 6 individual time trial finish resolution gives stronger time-trial ability a lower official time","status":"passed","title":"gives stronger time-trial ability a lower official time","duration":1.726799999999912,"failureMessages":[],"meta":{},"tags":[]},{"ancestorTitles":["Phase 6 individual time trial finish resolution"],"fullName":"Phase 6 individual time trial finish resolution increases the endurance influence as time-trial distance grows","status":"passed","title":"increases the endurance influence as time-trial distance grows","duration":3.098500000000058,"failureMessages":[],"meta":{},"tags":[]},{"ancestorTitles":["Phase 6 individual time trial finish resolution"],"fullName":"Phase 6 individual time trial finish resolution uses readiness, freshness and the normalized preparation-equipment channel","status":"passed","title":"uses readiness, freshness and the normalized preparation-equipment channel","duration":2.070500000000038,"failureMessages":[],"meta":{},"tags":[]},{"ancestorTitles":["Phase 6 individual time trial finish resolution"],"fullName":"Phase 6 individual time trial finish resolution applies weather deterministically and lets resistance mitigate part of it","status":"passed","title":"applies weather deterministically and lets resistance mitigate part of it","duration":1.3445999999999003,"failureMessages":[],"meta":{},"tags":[]},{"ancestorTitles":["Phase 6 individual time trial finish resolution"],"fullName":"Phase 6 individual time trial finish resolution uses the saved finish command as a deterministic pacing command","status":"passed","title":"uses the saved finish command as a deterministic pacing command","duration":1.6248000000000502,"failureMessages":[],"meta":{},"tags":[]},{"ancestorTitles":["Phase 6 individual time trial finish resolution"],"fullName":"Phase 6 individual time trial finish resolution keeps the seeded variation small and deterministic","status":"passed","title":"keeps the seeded variation small and deterministic","duration":1.3826999999998861,"failureMessages":[],"meta":{},"tags":[]},{"ancestorTitles":["Phase 6 prologue finish resolution"],"fullName":"Phase 6 prologue finish resolution returns one complete deterministic prologue classification with independent rider times","status":"passed","title":"returns one complete deterministic prologue classification with independent rider times","duration":2.950800000000072,"failureMessages":[],"meta":{},"tags":[]},{"ancestorTitles":["Phase 6 prologue finish resolution"],"fullName":"Phase 6 prologue finish resolution preserves the accepted Phase 5 timing result while publishing Phase 6 prologue times","status":"passed","title":"preserves the accepted Phase 5 timing result while publishing Phase 6 prologue times","duration":1.2771000000000186,"failureMessages":[],"meta":{},"tags":[]},{"ancestorTitles":["Phase 6 prologue finish resolution"],"fullName":"Phase 6 prologue finish resolution gives sharpness more influence and endurance less influence than an equally short ITT","status":"passed","title":"gives sharpness more influence and endurance less influence than an equally short ITT","duration":2.656600000000026,"failureMessages":[],"meta":{},"tags":[]},{"ancestorTitles":["Phase 6 prologue finish resolution"],"fullName":"Phase 6 prologue finish resolution rewards short-distance sprint and flat specialization without replacing time-trial skill","status":"passed","title":"rewards short-distance sprint and flat specialization without replacing time-trial skill","duration":1.6028000000001157,"failureMessages":[],"meta":{},"tags":[]},{"ancestorTitles":["Phase 6 prologue finish resolution"],"fullName":"Phase 6 prologue finish resolution reuses deterministic ITT weather, preparation and pacing channels","status":"passed","title":"reuses deterministic ITT weather, preparation and pacing channels","duration":1.2714000000000851,"failureMessages":[],"meta":{},"tags":[]},{"ancestorTitles":["Phase 6 prologue finish resolution"],"fullName":"Phase 6 prologue finish resolution uses the ITT route-time base and keeps variation small and deterministic","status":"passed","title":"uses the ITT route-time base and keeps variation small and deterministic","duration":1.131900000000087,"failureMessages":[],"meta":{},"tags":[]},{"ancestorTitles":["Phase 6 team time trial finish resolution"],"fullName":"Phase 6 team time trial finish resolution returns one complete deterministic team classification using the configured counting rider","status":"passed","title":"returns one complete deterministic team classification using the configured counting rider","duration":2.4891999999999825,"failureMessages":[],"meta":{},"tags":[]},{"ancestorTitles":["Phase 6 team time trial finish resolution"],"fullName":"Phase 6 team time trial finish resolution preserves the accepted Phase 5 team timing output","status":"passed","title":"preserves the accepted Phase 5 team timing output","duration":2.0338999999999032,"failureMessages":[],"meta":{},"tags":[]},{"ancestorTitles":["Phase 6 team time trial finish resolution"],"fullName":"Phase 6 team time trial finish resolution uses strongest riders, team average and the weakest counting rider","status":"passed","title":"uses strongest riders, team average and the weakest counting rider","duration":1.1864000000000487,"failureMessages":[],"meta":{},"tags":[]},{"ancestorTitles":["Phase 6 team time trial finish resolution"],"fullName":"Phase 6 team time trial finish resolution rewards cooperation and penalizes fatigue deterministically","status":"passed","title":"rewards cooperation and penalizes fatigue deterministically","duration":1.0231000000001131,"failureMessages":[],"meta":{},"tags":[]},{"ancestorTitles":["Phase 6 team time trial finish resolution"],"fullName":"Phase 6 team time trial finish resolution uses preparation, weather and pacing without changing the selected lineup contract","status":"passed","title":"uses preparation, weather and pacing without changing the selected lineup contract","duration":1.2133000000001175,"failureMessages":[],"meta":{},"tags":[]},{"ancestorTitles":["Phase 6 team time trial finish resolution"],"fullName":"Phase 6 team time trial finish resolution keeps team-level variation small and deterministic","status":"passed","title":"keeps team-level variation small and deterministic","duration":1.019800000000032,"failureMessages":[],"meta":{},"tags":[]},{"ancestorTitles":["Phase 6 pair time trial finish resolution"],"fullName":"Phase 6 pair time trial finish resolution returns one complete deterministic classification for every two-rider pair","status":"passed","title":"returns one complete deterministic classification for every two-rider pair","duration":1.222099999999955,"failureMessages":[],"meta":{},"tags":[]},{"ancestorTitles":["Phase 6 pair time trial finish resolution"],"fullName":"Phase 6 pair time trial finish resolution preserves the accepted Phase 5 pair timing output","status":"passed","title":"preserves the accepted Phase 5 pair timing output","duration":0.4518000000000484,"failureMessages":[],"meta":{},"tags":[]},{"ancestorTitles":["Phase 6 pair time trial finish resolution"],"fullName":"Phase 6 pair time trial finish resolution makes both riders matter and weights the weaker rider more strongly","status":"passed","title":"makes both riders matter and weights the weaker rider more strongly","duration":0.537900000000036,"failureMessages":[],"meta":{},"tags":[]},{"ancestorTitles":["Phase 6 pair time trial finish resolution"],"fullName":"Phase 6 pair time trial finish resolution rewards pair cooperation and penalizes fatigue","status":"passed","title":"rewards pair cooperation and penalizes fatigue","duration":0.5743999999999687,"failureMessages":[],"meta":{},"tags":[]},{"ancestorTitles":["Phase 6 pair time trial finish resolution"],"fullName":"Phase 6 pair time trial finish resolution uses preparation, weather and pacing for both riders","status":"passed","title":"uses preparation, weather and pacing for both riders","duration":0.5704000000000633,"failureMessages":[],"meta":{},"tags":[]},{"ancestorTitles":["Phase 6 pair time trial finish resolution"],"fullName":"Phase 6 pair time trial finish resolution requires exactly two eligible riders and keeps variation small and deterministic","status":"passed","title":"requires exactly two eligible riders and keeps variation small and deterministic","duration":1.2942000000000462,"failureMessages":[],"meta":{},"tags":[]},{"ancestorTitles":["Phase 6 cross-format completion and invariant audit"],"fullName":"Phase 6 cross-format completion and invariant audit returns a complete valid deterministic solo_finish result","status":"passed","title":"returns a complete valid deterministic solo_finish result","duration":3.164199999999937,"failureMessages":[],"meta":{},"tags":[]},{"ancestorTitles":["Phase 6 cross-format completion and invariant audit"],"fullName":"Phase 6 cross-format completion and invariant audit returns a complete valid deterministic flat_sprint result","status":"passed","title":"returns a complete valid deterministic flat_sprint result","duration":11.91820000000007,"failureMessages":[],"meta":{},"tags":[]},{"ancestorTitles":["Phase 6 cross-format completion and invariant audit"],"fullName":"Phase 6 cross-format completion and invariant audit returns a complete valid deterministic reduced_group_sprint result","status":"passed","title":"returns a complete valid deterministic reduced_group_sprint result","duration":3.4342000000001462,"failureMessages":[],"meta":{},"tags":[]},{"ancestorTitles":["Phase 6 cross-format completion and invariant audit"],"fullName":"Phase 6 cross-format completion and invariant audit returns a complete valid deterministic hill_finish result","status":"passed","title":"returns a complete valid deterministic hill_finish result","duration":9.403099999999995,"failureMessages":[],"meta":{},"tags":[]},{"ancestorTitles":["Phase 6 cross-format completion and invariant audit"],"fullName":"Phase 6 cross-format completion and invariant audit returns a complete valid deterministic summit_finish result","status":"passed","title":"returns a complete valid deterministic summit_finish result","duration":9.713199999999915,"failureMessages":[],"meta":{},"tags":[]},{"ancestorTitles":["Phase 6 cross-format completion and invariant audit"],"fullName":"Phase 6 cross-format completion and invariant audit returns a complete valid deterministic cobbled_finish result","status":"passed","title":"returns a complete valid deterministic cobbled_finish result","duration":10.035400000000209,"failureMessages":[],"meta":{},"tags":[]},{"ancestorTitles":["Phase 6 cross-format completion and invariant audit"],"fullName":"Phase 6 cross-format completion and invariant audit returns a complete valid deterministic individual_time_trial result","status":"passed","title":"returns a complete valid deterministic individual_time_trial result","duration":1.1162999999999101,"failureMessages":[],"meta":{},"tags":[]},{"ancestorTitles":["Phase 6 cross-format completion and invariant audit"],"fullName":"Phase 6 cross-format completion and invariant audit returns a complete valid deterministic prologue result","status":"passed","title":"returns a complete valid deterministic prologue result","duration":1.436100000000124,"failureMessages":[],"meta":{},"tags":[]},{"ancestorTitles":["Phase 6 cross-format completion and invariant audit"],"fullName":"Phase 6 cross-format completion and invariant audit returns a complete valid deterministic team_time_trial result","status":"passed","title":"returns a complete valid deterministic team_time_trial result","duration":1.4382000000000517,"failureMessages":[],"meta":{},"tags":[]},{"ancestorTitles":["Phase 6 cross-format completion and invariant audit"],"fullName":"Phase 6 cross-format completion and invariant audit returns a complete valid deterministic pair_time_trial result","status":"passed","title":"returns a complete valid deterministic pair_time_trial result","duration":2.440399999999954,"failureMessages":[],"meta":{},"tags":[]},{"ancestorTitles":["Phase 6 cross-format completion and invariant audit"],"fullName":"Phase 6 cross-format completion and invariant audit preserves Phase 5 physical groups and times for every road finish mode","status":"passed","title":"preserves Phase 5 physical groups and times for every road finish mode","duration":21.165199999999913,"failureMessages":[],"meta":{},"tags":[]},{"ancestorTitles":["Phase 6 cross-format completion and invariant audit"],"fullName":"Phase 6 cross-format completion and invariant audit publishes team times only for TTT formats and keeps them complete","status":"passed","title":"publishes team times only for TTT formats and keeps them complete","duration":16.522500000000036,"failureMessages":[],"meta":{},"tags":[]},{"ancestorTitles":["Phase 6 cross-format completion and invariant audit"],"fullName":"Phase 6 cross-format completion and invariant audit has no inactive finish mode in the final dispatcher","status":"passed","title":"has no inactive finish mode in the final dispatcher","duration":1.4548999999999523,"failureMessages":[],"meta":{},"tags":[]},{"ancestorTitles":["Phase 7 read-only calibration summary"],"fullName":"Phase 7 read-only calibration summary publishes a deterministic, internally consistent 'flat validation stage' summary","status":"passed","title":"publishes a deterministic, internally consistent 'flat validation stage' summary","duration":5.60329999999999,"failureMessages":[],"meta":{},"tags":[]},{"ancestorTitles":["Phase 7 read-only calibration summary"],"fullName":"Phase 7 read-only calibration summary publishes a deterministic, internally consistent 'hilly validation stage' summary","status":"passed","title":"publishes a deterministic, internally consistent 'hilly validation stage' summary","duration":5.1172999999998865,"failureMessages":[],"meta":{},"tags":[]},{"ancestorTitles":["Phase 7 read-only calibration summary"],"fullName":"Phase 7 read-only calibration summary publishes a deterministic, internally consistent 'mountain validation stage' summary","status":"passed","title":"publishes a deterministic, internally consistent 'mountain validation stage' summary","duration":6.86850000000004,"failureMessages":[],"meta":{},"tags":[]},{"ancestorTitles":["Phase 7 read-only calibration summary"],"fullName":"Phase 7 read-only calibration summary publishes a deterministic, internally consistent 'unusually long validation stage' summary","status":"passed","title":"publishes a deterministic, internally consistent 'unusually long validation stage' summary","duration":6.485200000000077,"failureMessages":[],"meta":{},"tags":[]},{"ancestorTitles":["Phase 7 read-only calibration summary"],"fullName":"Phase 7 read-only calibration summary derives breakaway and catch diagnostics only from accepted physical outputs","status":"passed","title":"derives breakaway and catch diagnostics only from accepted physical outputs","duration":1.1011999999998352,"failureMessages":[],"meta":{},"tags":[]},{"ancestorTitles":["Phase 7 read-only calibration summary"],"fullName":"Phase 7 read-only calibration summary does not mutate any Phase 1 to Phase 6 result while deriving diagnostics","status":"passed","title":"does not mutate any Phase 1 to Phase 6 result while deriving diagnostics","duration":4.995300000000043,"failureMessages":[],"meta":{},"tags":[]},{"ancestorTitles":["Phase 7 read-only calibration summary"],"fullName":"Phase 7 read-only calibration summary keeps non-road energy and breakaway diagnostics explicitly unavailable or zero","status":"passed","title":"keeps non-road energy and breakaway diagnostics explicitly unavailable or zero","duration":0.5992000000001099,"failureMessages":[],"meta":{},"tags":[]}],"startTime":1786022541521,"endTime":1786022542406.599,"status":"failed","message":"","name":"C:/Users/Aleks/Desktop/ProPeleton Manager/Main/src/universal-race-engine/runRaceEngine.test.ts"}]}